<?xml version="1.0" encoding="UTF-8"?>
<!-- Generated by org.testng.reporters.JUnitReportReporter -->
<testsuite skipped="0" hostname="Admin_SRV-PC" name="Tests.Dataexllogin" tests="14" failures="0" timestamp="2022-05-09T21:43:06 IST" time="133.769" errors="0">
  <testcase name="finaldata" time="8.590" classname="Tests.Dataexllogin"/>
  <system-out/>
  <testcase name="finaldata" time="8.749" classname="Tests.Dataexllogin"/>
  <system-out/>
  <testcase name="finaldata" time="8.694" classname="Tests.Dataexllogin"/>
  <system-out/>
  <testcase name="finaldata" time="8.845" classname="Tests.Dataexllogin"/>
  <system-out/>
  <testcase name="finaldata" time="9.899" classname="Tests.Dataexllogin"/>
  <system-out/>
  <testcase name="finaldata" time="8.948" classname="Tests.Dataexllogin"/>
  <system-out/>
  <testcase name="finaldata" time="8.995" classname="Tests.Dataexllogin"/>
  <system-out/>
  <testcase name="finaldata" time="10.729" classname="Tests.Dataexllogin"/>
  <system-out/>
  <testcase name="finaldata" time="8.709" classname="Tests.Dataexllogin"/>
  <system-out/>
  <testcase name="finaldata" time="16.252" classname="Tests.Dataexllogin"/>
  <system-out/>
  <testcase name="finaldata" time="8.743" classname="Tests.Dataexllogin"/>
  <system-out/>
  <testcase name="finaldata" time="8.680" classname="Tests.Dataexllogin"/>
  <system-out/>
  <testcase name="finaldata" time="9.044" classname="Tests.Dataexllogin"/>
  <system-out/>
  <testcase name="finaldata" time="8.892" classname="Tests.Dataexllogin"/>
  <system-out/>
</testsuite> <!-- Tests.Dataexllogin -->
