<?xml version="1.0" encoding="UTF-8"?>
<!-- Generated by org.testng.reporters.JUnitReportReporter -->
<testsuite skipped="0" hostname="Admin_SRV-PC" name="Tests.Dataexllogin" tests="28" failures="0" timestamp="2022-05-10T09:24:27 IST" time="263.298" errors="0">
  <testcase name="finaldata" time="8.752" classname="Tests.Dataexllogin"/>
  <system-out/>
  <testcase name="finaldata" time="9.559" classname="Tests.Dataexllogin"/>
  <system-out/>
  <testcase name="finaldata" time="13.765" classname="Tests.Dataexllogin"/>
  <system-out/>
  <testcase name="finaldata" time="8.748" classname="Tests.Dataexllogin"/>
  <system-out/>
  <testcase name="finaldata" time="9.634" classname="Tests.Dataexllogin"/>
  <system-out/>
  <testcase name="finaldata" time="9.104" classname="Tests.Dataexllogin"/>
  <system-out/>
  <testcase name="finaldata" time="8.703" classname="Tests.Dataexllogin"/>
  <system-out/>
  <testcase name="finaldata" time="9.846" classname="Tests.Dataexllogin"/>
  <system-out/>
  <testcase name="finaldata" time="8.865" classname="Tests.Dataexllogin"/>
  <system-out/>
  <testcase name="finaldata" time="8.643" classname="Tests.Dataexllogin"/>
  <system-out/>
  <testcase name="finaldata" time="11.385" classname="Tests.Dataexllogin"/>
  <system-out/>
  <testcase name="finaldata" time="8.989" classname="Tests.Dataexllogin"/>
  <system-out/>
  <testcase name="finaldata" time="9.999" classname="Tests.Dataexllogin"/>
  <system-out/>
  <testcase name="finaldata" time="9.913" classname="Tests.Dataexllogin"/>
  <system-out/>
  <testcase name="finaldata" time="9.552" classname="Tests.Dataexllogin"/>
  <system-out/>
  <testcase name="finaldata" time="8.673" classname="Tests.Dataexllogin"/>
  <system-out/>
  <testcase name="finaldata" time="8.670" classname="Tests.Dataexllogin"/>
  <system-out/>
  <testcase name="finaldata" time="8.721" classname="Tests.Dataexllogin"/>
  <system-out/>
  <testcase name="finaldata" time="8.977" classname="Tests.Dataexllogin"/>
  <system-out/>
  <testcase name="finaldata" time="8.689" classname="Tests.Dataexllogin"/>
  <system-out/>
  <testcase name="finaldata" time="9.224" classname="Tests.Dataexllogin"/>
  <system-out/>
  <testcase name="finaldata" time="8.926" classname="Tests.Dataexllogin"/>
  <system-out/>
  <testcase name="finaldata" time="8.701" classname="Tests.Dataexllogin"/>
  <system-out/>
  <testcase name="finaldata" time="8.843" classname="Tests.Dataexllogin"/>
  <system-out/>
  <testcase name="finaldata" time="9.714" classname="Tests.Dataexllogin"/>
  <system-out/>
  <testcase name="finaldata" time="8.972" classname="Tests.Dataexllogin"/>
  <system-out/>
  <testcase name="finaldata" time="9.695" classname="Tests.Dataexllogin"/>
  <system-out/>
  <testcase name="finaldata" time="10.036" classname="Tests.Dataexllogin"/>
  <system-out/>
</testsuite> <!-- Tests.Dataexllogin -->
